E:\CPP\DOODLE-JUMP\DOODLE-JUMP\DEBUG\VC100.PDB
E:\CPP\DOODLE-JUMP\DOODLE-JUMP\DEBUG\DOODLE-JUMP.PCH
E:\CPP\DOODLE-JUMP\DOODLE-JUMP\DEBUG\STDAFX.OBJ
E:\CPP\DOODLE-JUMP\DOODLE-JUMP\DEBUG\DOODLE-JUMP.OBJ
E:\CPP\DOODLE-JUMP\DOODLE-JUMP\DEBUG\MAIN.OBJ
E:\CPP\DOODLE-JUMP\DEBUG\DOODLE-JUMP.ILK
E:\CPP\DOODLE-JUMP\DEBUG\DOODLE-JUMP.EXE
E:\CPP\DOODLE-JUMP\DOODLE-JUMP\DEBUG\DOODLE-JUMP.EXE.INTERMEDIATE.MANIFEST
E:\CPP\DOODLE-JUMP\DEBUG\DOODLE-JUMP.PDB
E:\CPP\DOODLE-JUMP\DOODLE-JUMP\DEBUG\DOODLE-JUMP.EXE.EMBED.MANIFEST
E:\CPP\DOODLE-JUMP\DOODLE-JUMP\DEBUG\DOODLE-JUMP.EXE.EMBED.MANIFEST.RES
E:\cpp\doodle-jump\doodle-jump\Debug\doodle-jump.obj
E:\cpp\doodle-jump\doodle-jump\Debug\main.obj
E:\cpp\doodle-jump\doodle-jump\Debug\stdafx.obj
E:\cpp\doodle-jump\doodle-jump\Debug\cl.command.1.tlog
E:\cpp\doodle-jump\doodle-jump\Debug\CL.read.1.tlog
E:\cpp\doodle-jump\doodle-jump\Debug\CL.write.1.tlog
E:\cpp\doodle-jump\doodle-jump\Debug\link-cvtres.read.1.tlog
E:\cpp\doodle-jump\doodle-jump\Debug\link-cvtres.write.1.tlog
E:\cpp\doodle-jump\doodle-jump\Debug\link.10064-cvtres.read.1.tlog
E:\cpp\doodle-jump\doodle-jump\Debug\link.10064-cvtres.write.1.tlog
E:\cpp\doodle-jump\doodle-jump\Debug\link.10064.read.1.tlog
E:\cpp\doodle-jump\doodle-jump\Debug\link.10064.write.1.tlog
E:\cpp\doodle-jump\doodle-jump\Debug\link.10124-cvtres.read.1.tlog
E:\cpp\doodle-jump\doodle-jump\Debug\link.10124-cvtres.write.1.tlog
E:\cpp\doodle-jump\doodle-jump\Debug\link.10124.read.1.tlog
E:\cpp\doodle-jump\doodle-jump\Debug\link.10124.write.1.tlog
E:\cpp\doodle-jump\doodle-jump\Debug\link.10320-cvtres.read.1.tlog
E:\cpp\doodle-jump\doodle-jump\Debug\link.10320-cvtres.write.1.tlog
E:\cpp\doodle-jump\doodle-jump\Debug\link.10320.read.1.tlog
E:\cpp\doodle-jump\doodle-jump\Debug\link.10320.write.1.tlog
E:\cpp\doodle-jump\doodle-jump\Debug\link.1480-cvtres.read.1.tlog
E:\cpp\doodle-jump\doodle-jump\Debug\link.1480-cvtres.write.1.tlog
E:\cpp\doodle-jump\doodle-jump\Debug\link.1480.read.1.tlog
E:\cpp\doodle-jump\doodle-jump\Debug\link.1480.write.1.tlog
E:\cpp\doodle-jump\doodle-jump\Debug\link.1508-cvtres.read.1.tlog
E:\cpp\doodle-jump\doodle-jump\Debug\link.1508-cvtres.write.1.tlog
E:\cpp\doodle-jump\doodle-jump\Debug\link.1508.read.1.tlog
E:\cpp\doodle-jump\doodle-jump\Debug\link.1508.write.1.tlog
E:\cpp\doodle-jump\doodle-jump\Debug\link.2380-cvtres.read.1.tlog
E:\cpp\doodle-jump\doodle-jump\Debug\link.2380-cvtres.write.1.tlog
E:\cpp\doodle-jump\doodle-jump\Debug\link.2380.read.1.tlog
E:\cpp\doodle-jump\doodle-jump\Debug\link.2380.write.1.tlog
E:\cpp\doodle-jump\doodle-jump\Debug\link.2516-cvtres.read.1.tlog
E:\cpp\doodle-jump\doodle-jump\Debug\link.2516-cvtres.write.1.tlog
E:\cpp\doodle-jump\doodle-jump\Debug\link.2516.read.1.tlog
E:\cpp\doodle-jump\doodle-jump\Debug\link.2516.write.1.tlog
E:\cpp\doodle-jump\doodle-jump\Debug\link.3516-cvtres.read.1.tlog
E:\cpp\doodle-jump\doodle-jump\Debug\link.3516-cvtres.write.1.tlog
E:\cpp\doodle-jump\doodle-jump\Debug\link.3516.read.1.tlog
E:\cpp\doodle-jump\doodle-jump\Debug\link.3516.write.1.tlog
E:\cpp\doodle-jump\doodle-jump\Debug\link.3692-cvtres.read.1.tlog
E:\cpp\doodle-jump\doodle-jump\Debug\link.3692-cvtres.write.1.tlog
E:\cpp\doodle-jump\doodle-jump\Debug\link.3692.read.1.tlog
E:\cpp\doodle-jump\doodle-jump\Debug\link.3692.write.1.tlog
E:\cpp\doodle-jump\doodle-jump\Debug\link.3864-cvtres.read.1.tlog
E:\cpp\doodle-jump\doodle-jump\Debug\link.3864-cvtres.write.1.tlog
E:\cpp\doodle-jump\doodle-jump\Debug\link.3864.read.1.tlog
E:\cpp\doodle-jump\doodle-jump\Debug\link.3864.write.1.tlog
E:\cpp\doodle-jump\doodle-jump\Debug\link.4056-cvtres.read.1.tlog
E:\cpp\doodle-jump\doodle-jump\Debug\link.4056-cvtres.write.1.tlog
E:\cpp\doodle-jump\doodle-jump\Debug\link.4056.read.1.tlog
E:\cpp\doodle-jump\doodle-jump\Debug\link.4056.write.1.tlog
E:\cpp\doodle-jump\doodle-jump\Debug\link.4556-cvtres.read.1.tlog
E:\cpp\doodle-jump\doodle-jump\Debug\link.4556-cvtres.write.1.tlog
E:\cpp\doodle-jump\doodle-jump\Debug\link.4556.read.1.tlog
E:\cpp\doodle-jump\doodle-jump\Debug\link.4556.write.1.tlog
E:\cpp\doodle-jump\doodle-jump\Debug\link.4856-cvtres.read.1.tlog
E:\cpp\doodle-jump\doodle-jump\Debug\link.4856-cvtres.write.1.tlog
E:\cpp\doodle-jump\doodle-jump\Debug\link.4856.read.1.tlog
E:\cpp\doodle-jump\doodle-jump\Debug\link.4856.write.1.tlog
E:\cpp\doodle-jump\doodle-jump\Debug\link.4888-cvtres.read.1.tlog
E:\cpp\doodle-jump\doodle-jump\Debug\link.4888-cvtres.write.1.tlog
E:\cpp\doodle-jump\doodle-jump\Debug\link.4888.read.1.tlog
E:\cpp\doodle-jump\doodle-jump\Debug\link.4888.write.1.tlog
E:\cpp\doodle-jump\doodle-jump\Debug\link.4952-cvtres.read.1.tlog
E:\cpp\doodle-jump\doodle-jump\Debug\link.4952-cvtres.write.1.tlog
E:\cpp\doodle-jump\doodle-jump\Debug\link.4952.read.1.tlog
E:\cpp\doodle-jump\doodle-jump\Debug\link.4952.write.1.tlog
E:\cpp\doodle-jump\doodle-jump\Debug\link.5340-cvtres.read.1.tlog
E:\cpp\doodle-jump\doodle-jump\Debug\link.5340-cvtres.write.1.tlog
E:\cpp\doodle-jump\doodle-jump\Debug\link.5340.read.1.tlog
E:\cpp\doodle-jump\doodle-jump\Debug\link.5340.write.1.tlog
E:\cpp\doodle-jump\doodle-jump\Debug\link.5908-cvtres.read.1.tlog
E:\cpp\doodle-jump\doodle-jump\Debug\link.5908-cvtres.write.1.tlog
E:\cpp\doodle-jump\doodle-jump\Debug\link.5908.read.1.tlog
E:\cpp\doodle-jump\doodle-jump\Debug\link.5908.write.1.tlog
E:\cpp\doodle-jump\doodle-jump\Debug\link.6196-cvtres.read.1.tlog
E:\cpp\doodle-jump\doodle-jump\Debug\link.6196-cvtres.write.1.tlog
E:\cpp\doodle-jump\doodle-jump\Debug\link.6196.read.1.tlog
E:\cpp\doodle-jump\doodle-jump\Debug\link.6196.write.1.tlog
E:\cpp\doodle-jump\doodle-jump\Debug\link.6232-cvtres.read.1.tlog
E:\cpp\doodle-jump\doodle-jump\Debug\link.6232-cvtres.write.1.tlog
E:\cpp\doodle-jump\doodle-jump\Debug\link.6232.read.1.tlog
E:\cpp\doodle-jump\doodle-jump\Debug\link.6232.write.1.tlog
E:\cpp\doodle-jump\doodle-jump\Debug\link.6432-cvtres.read.1.tlog
E:\cpp\doodle-jump\doodle-jump\Debug\link.6432-cvtres.write.1.tlog
E:\cpp\doodle-jump\doodle-jump\Debug\link.6432.read.1.tlog
E:\cpp\doodle-jump\doodle-jump\Debug\link.6432.write.1.tlog
E:\cpp\doodle-jump\doodle-jump\Debug\link.6652-cvtres.read.1.tlog
E:\cpp\doodle-jump\doodle-jump\Debug\link.6652-cvtres.write.1.tlog
E:\cpp\doodle-jump\doodle-jump\Debug\link.6652.read.1.tlog
E:\cpp\doodle-jump\doodle-jump\Debug\link.6652.write.1.tlog
E:\cpp\doodle-jump\doodle-jump\Debug\link.7056-cvtres.read.1.tlog
E:\cpp\doodle-jump\doodle-jump\Debug\link.7056-cvtres.write.1.tlog
E:\cpp\doodle-jump\doodle-jump\Debug\link.7056.read.1.tlog
E:\cpp\doodle-jump\doodle-jump\Debug\link.7056.write.1.tlog
E:\cpp\doodle-jump\doodle-jump\Debug\link.7348-cvtres.read.1.tlog
E:\cpp\doodle-jump\doodle-jump\Debug\link.7348-cvtres.write.1.tlog
E:\cpp\doodle-jump\doodle-jump\Debug\link.7348.read.1.tlog
E:\cpp\doodle-jump\doodle-jump\Debug\link.7348.write.1.tlog
E:\cpp\doodle-jump\doodle-jump\Debug\link.7368-cvtres.read.1.tlog
E:\cpp\doodle-jump\doodle-jump\Debug\link.7368-cvtres.write.1.tlog
E:\cpp\doodle-jump\doodle-jump\Debug\link.7368.read.1.tlog
E:\cpp\doodle-jump\doodle-jump\Debug\link.7368.write.1.tlog
E:\cpp\doodle-jump\doodle-jump\Debug\link.7616-cvtres.read.1.tlog
E:\cpp\doodle-jump\doodle-jump\Debug\link.7616-cvtres.write.1.tlog
E:\cpp\doodle-jump\doodle-jump\Debug\link.7616.read.1.tlog
E:\cpp\doodle-jump\doodle-jump\Debug\link.7616.write.1.tlog
E:\cpp\doodle-jump\doodle-jump\Debug\link.7644-cvtres.read.1.tlog
E:\cpp\doodle-jump\doodle-jump\Debug\link.7644-cvtres.write.1.tlog
E:\cpp\doodle-jump\doodle-jump\Debug\link.7644.read.1.tlog
E:\cpp\doodle-jump\doodle-jump\Debug\link.7644.write.1.tlog
E:\cpp\doodle-jump\doodle-jump\Debug\link.7672-cvtres.read.1.tlog
E:\cpp\doodle-jump\doodle-jump\Debug\link.7672-cvtres.write.1.tlog
E:\cpp\doodle-jump\doodle-jump\Debug\link.7672.read.1.tlog
E:\cpp\doodle-jump\doodle-jump\Debug\link.7672.write.1.tlog
E:\cpp\doodle-jump\doodle-jump\Debug\link.7692-cvtres.read.1.tlog
E:\cpp\doodle-jump\doodle-jump\Debug\link.7692-cvtres.write.1.tlog
E:\cpp\doodle-jump\doodle-jump\Debug\link.7692.read.1.tlog
E:\cpp\doodle-jump\doodle-jump\Debug\link.7692.write.1.tlog
E:\cpp\doodle-jump\doodle-jump\Debug\link.7808-cvtres.read.1.tlog
E:\cpp\doodle-jump\doodle-jump\Debug\link.7808-cvtres.write.1.tlog
E:\cpp\doodle-jump\doodle-jump\Debug\link.7808.read.1.tlog
E:\cpp\doodle-jump\doodle-jump\Debug\link.7808.write.1.tlog
E:\cpp\doodle-jump\doodle-jump\Debug\link.8016-cvtres.read.1.tlog
E:\cpp\doodle-jump\doodle-jump\Debug\link.8016-cvtres.write.1.tlog
E:\cpp\doodle-jump\doodle-jump\Debug\link.8016.read.1.tlog
E:\cpp\doodle-jump\doodle-jump\Debug\link.8016.write.1.tlog
E:\cpp\doodle-jump\doodle-jump\Debug\link.8048-cvtres.read.1.tlog
E:\cpp\doodle-jump\doodle-jump\Debug\link.8048-cvtres.write.1.tlog
E:\cpp\doodle-jump\doodle-jump\Debug\link.8048.read.1.tlog
E:\cpp\doodle-jump\doodle-jump\Debug\link.8048.write.1.tlog
E:\cpp\doodle-jump\doodle-jump\Debug\link.8384-cvtres.read.1.tlog
E:\cpp\doodle-jump\doodle-jump\Debug\link.8384-cvtres.write.1.tlog
E:\cpp\doodle-jump\doodle-jump\Debug\link.8384.read.1.tlog
E:\cpp\doodle-jump\doodle-jump\Debug\link.8384.write.1.tlog
E:\cpp\doodle-jump\doodle-jump\Debug\link.8544-cvtres.read.1.tlog
E:\cpp\doodle-jump\doodle-jump\Debug\link.8544-cvtres.write.1.tlog
E:\cpp\doodle-jump\doodle-jump\Debug\link.8544.read.1.tlog
E:\cpp\doodle-jump\doodle-jump\Debug\link.8544.write.1.tlog
E:\cpp\doodle-jump\doodle-jump\Debug\link.8572-cvtres.read.1.tlog
E:\cpp\doodle-jump\doodle-jump\Debug\link.8572-cvtres.write.1.tlog
E:\cpp\doodle-jump\doodle-jump\Debug\link.8572.read.1.tlog
E:\cpp\doodle-jump\doodle-jump\Debug\link.8572.write.1.tlog
E:\cpp\doodle-jump\doodle-jump\Debug\link.8844-cvtres.read.1.tlog
E:\cpp\doodle-jump\doodle-jump\Debug\link.8844-cvtres.write.1.tlog
E:\cpp\doodle-jump\doodle-jump\Debug\link.8844.read.1.tlog
E:\cpp\doodle-jump\doodle-jump\Debug\link.8844.write.1.tlog
E:\cpp\doodle-jump\doodle-jump\Debug\link.8856-cvtres.read.1.tlog
E:\cpp\doodle-jump\doodle-jump\Debug\link.8856-cvtres.write.1.tlog
E:\cpp\doodle-jump\doodle-jump\Debug\link.8856.read.1.tlog
E:\cpp\doodle-jump\doodle-jump\Debug\link.8856.write.1.tlog
E:\cpp\doodle-jump\doodle-jump\Debug\link.9000-cvtres.read.1.tlog
E:\cpp\doodle-jump\doodle-jump\Debug\link.9000-cvtres.write.1.tlog
E:\cpp\doodle-jump\doodle-jump\Debug\link.9000.read.1.tlog
E:\cpp\doodle-jump\doodle-jump\Debug\link.9000.write.1.tlog
E:\cpp\doodle-jump\doodle-jump\Debug\link.9548-cvtres.read.1.tlog
E:\cpp\doodle-jump\doodle-jump\Debug\link.9548-cvtres.write.1.tlog
E:\cpp\doodle-jump\doodle-jump\Debug\link.9548.read.1.tlog
E:\cpp\doodle-jump\doodle-jump\Debug\link.9548.write.1.tlog
E:\cpp\doodle-jump\doodle-jump\Debug\link.9568-cvtres.read.1.tlog
E:\cpp\doodle-jump\doodle-jump\Debug\link.9568-cvtres.write.1.tlog
E:\cpp\doodle-jump\doodle-jump\Debug\link.9568.read.1.tlog
E:\cpp\doodle-jump\doodle-jump\Debug\link.9568.write.1.tlog
E:\cpp\doodle-jump\doodle-jump\Debug\link.9588-cvtres.read.1.tlog
E:\cpp\doodle-jump\doodle-jump\Debug\link.9588-cvtres.write.1.tlog
E:\cpp\doodle-jump\doodle-jump\Debug\link.9588.read.1.tlog
E:\cpp\doodle-jump\doodle-jump\Debug\link.9588.write.1.tlog
E:\cpp\doodle-jump\doodle-jump\Debug\link.9604-cvtres.read.1.tlog
E:\cpp\doodle-jump\doodle-jump\Debug\link.9604-cvtres.write.1.tlog
E:\cpp\doodle-jump\doodle-jump\Debug\link.9604.read.1.tlog
E:\cpp\doodle-jump\doodle-jump\Debug\link.9604.write.1.tlog
E:\cpp\doodle-jump\doodle-jump\Debug\link.9860-cvtres.read.1.tlog
E:\cpp\doodle-jump\doodle-jump\Debug\link.9860-cvtres.write.1.tlog
E:\cpp\doodle-jump\doodle-jump\Debug\link.9860.read.1.tlog
E:\cpp\doodle-jump\doodle-jump\Debug\link.9860.write.1.tlog
E:\cpp\doodle-jump\doodle-jump\Debug\link.9888-cvtres.read.1.tlog
E:\cpp\doodle-jump\doodle-jump\Debug\link.9888-cvtres.write.1.tlog
E:\cpp\doodle-jump\doodle-jump\Debug\link.9888.read.1.tlog
E:\cpp\doodle-jump\doodle-jump\Debug\link.9888.write.1.tlog
E:\cpp\doodle-jump\doodle-jump\Debug\link.9932-cvtres.read.1.tlog
E:\cpp\doodle-jump\doodle-jump\Debug\link.9932-cvtres.write.1.tlog
E:\cpp\doodle-jump\doodle-jump\Debug\link.9932.read.1.tlog
E:\cpp\doodle-jump\doodle-jump\Debug\link.9932.write.1.tlog
E:\cpp\doodle-jump\doodle-jump\Debug\link.command.1.tlog
E:\cpp\doodle-jump\doodle-jump\Debug\link.read.1.tlog
E:\cpp\doodle-jump\doodle-jump\Debug\link.write.1.tlog
E:\cpp\doodle-jump\doodle-jump\Debug\mt.command.1.tlog
E:\cpp\doodle-jump\doodle-jump\Debug\mt.read.1.tlog
E:\cpp\doodle-jump\doodle-jump\Debug\mt.write.1.tlog
E:\cpp\doodle-jump\doodle-jump\Debug\rc.command.1.tlog
E:\cpp\doodle-jump\doodle-jump\Debug\rc.read.1.tlog
E:\cpp\doodle-jump\doodle-jump\Debug\rc.write.1.tlog
E:\cpp\doodle-jump\doodle-jump\Debug\doodle-jump.exe.embed.manifest
E:\cpp\doodle-jump\doodle-jump\Debug\doodle-jump.exe.intermediate.manifest
E:\cpp\doodle-jump\doodle-jump\Debug\doodle-jump.exe.embed.manifest.res
E:\cpp\doodle-jump\doodle-jump\Debug\doodle-jump.pch
E:\cpp\doodle-jump\doodle-jump\Debug\vc100.idb
E:\cpp\doodle-jump\doodle-jump\Debug\vc100.pdb
E:\cpp\doodle-jump\doodle-jump\Debug\doodle-jump_manifest.rc
E:\cpp\doodle-jump\Debug\doodle-jump.pdb
E:\cpp\doodle-jump\Debug\doodle-jump.exe
E:\cpp\doodle-jump\Debug\doodle-jump.ilk
